<?xml version="1.0" encoding="UTF-8"?>
<!-- Generated by org.testng.reporters.JUnitReportReporter -->
<testsuite hostname="Abhishek" failures="0" tests="1" name="Designpatterns.Designpatterns.DemoTest" time="4.721" errors="0" timestamp="2022-10-26T18:51:35 IST" skipped="0">
  <testcase classname="Designpatterns.Designpatterns.DemoTest" name="flightTest" time="4.721"/>
  <system-out/>
</testsuite> <!-- Designpatterns.Designpatterns.DemoTest -->
